<?xml version="1.0" encoding="UTF-8" ?>
<testsuite tests="20" failures="0" name="runner.TestRunner" time="410.726" errors="0" skipped="0">
  <properties>
    <property name="java.runtime.name" value="Java(TM) SE Runtime Environment"/>
    <property name="java.vm.version" value="13.0.2+8"/>
    <property name="sun.boot.library.path" value="C:\Program Files\Java\jdk-13.0.2\bin"/>
    <property name="maven.multiModuleProjectDirectory" value="C:\Users\user\Documents\UI CHALLENGE\UIChallenge"/>
    <property name="java.vm.vendor" value="Oracle Corporation"/>
    <property name="java.vendor.url" value="https://java.oracle.com/"/>
    <property name="guice.disable.misplaced.annotation.check" value="true"/>
    <property name="path.separator" value=";"/>
    <property name="java.vm.name" value="Java HotSpot(TM) 64-Bit Server VM"/>
    <property name="sun.os.patch.level" value=""/>
    <property name="user.script" value=""/>
    <property name="user.country" value="CO"/>
    <property name="sun.java.launcher" value="SUN_STANDARD"/>
    <property name="java.vm.specification.name" value="Java Virtual Machine Specification"/>
    <property name="user.dir" value="C:\Users\user\Documents\UI CHALLENGE\UIChallenge"/>
    <property name="java.vm.compressedOopsMode" value="Zero based"/>
    <property name="java.runtime.version" value="13.0.2+8"/>
    <property name="os.arch" value="amd64"/>
    <property name="java.io.tmpdir" value="C:\Users\user\AppData\Local\Temp\"/>
    <property name="line.separator" value="
"/>
    <property name="java.vm.specification.vendor" value="Oracle Corporation"/>
    <property name="user.variant" value=""/>
    <property name="os.name" value="Windows 10"/>
    <property name="classworlds.conf" value="C:\Users\user\Documents\apache-maven-3.6.3\bin\..\bin\m2.conf"/>
    <property name="sun.jnu.encoding" value="Cp1252"/>
    <property name="java.library.path" value="C:\Program Files\Java\jdk-13.0.2\bin;C:\WINDOWS\Sun\Java\bin;C:\WINDOWS\system32;C:\WINDOWS;C:\WINDOWS\system32;C:\WINDOWS;C:\WINDOWS\System32\Wbem;C:\WINDOWS\System32\WindowsPowerShell\v1.0\;C:\WINDOWS\System32\OpenSSH\;C:\Users\user\Documents\apache-maven-3.6.3\bin;C:\Program Files\MATLAB\R2017b\runtime\win64;C:\Program Files\MATLAB\R2017b\bin;C:\Program Files (x86)\QuickTime\QTSystem\;C:\Program Files\Microsoft SQL Server\130\Tools\Binn\;C:\Program Files\Microsoft Network Monitor 3\;C:\Program Files\Git\cmd;C:\Program Files\dotnet\;C:\Program Files\Java\jdk-13.0.2\bin;C:\Program Files\Java\jre\bin;C:\Program Files\nodejs\;C:\Users\user\Documents\Android\build-tools;C:\Users\user\Documents\Android\platforms;C:\Users\user\Documents\Android\platform-tools;C:\Users\user\Documents\apache-maven-3.6.3\bin;C:\Users\user\AppData\Local\Microsoft\WindowsApps;C:\Users\user\AppData\Local\Programs\Microsoft VS Code\bin;C:\Users\user\AppData\Roaming\npm;."/>
    <property name="maven.conf" value="C:\Users\user\Documents\apache-maven-3.6.3\bin\../conf"/>
    <property name="jdk.debug" value="release"/>
    <property name="java.class.version" value="57.0"/>
    <property name="java.specification.name" value="Java Platform API Specification"/>
    <property name="sun.management.compiler" value="HotSpot 64-Bit Tiered Compilers"/>
    <property name="os.version" value="10.0"/>
    <property name="library.jansi.path" value="C:\Users\user\Documents\apache-maven-3.6.3\bin\..\lib\jansi-native"/>
    <property name="user.home" value="C:\Users\user"/>
    <property name="user.timezone" value="America/Bogota"/>
    <property name="file.encoding" value="Cp1252"/>
    <property name="java.specification.version" value="13"/>
    <property name="user.name" value="user"/>
    <property name="java.class.path" value="C:\Users\user\Documents\apache-maven-3.6.3\bin\..\boot\plexus-classworlds-2.6.0.jar"/>
    <property name="java.vm.specification.version" value="13"/>
    <property name="sun.arch.data.model" value="64"/>
    <property name="sun.java.command" value="org.codehaus.plexus.classworlds.launcher.Launcher clean verify"/>
    <property name="java.home" value="C:\Program Files\Java\jdk-13.0.2"/>
    <property name="user.language" value="es"/>
    <property name="java.specification.vendor" value="Oracle Corporation"/>
    <property name="java.vm.info" value="mixed mode, sharing"/>
    <property name="java.version" value="13.0.2"/>
    <property name="java.vendor" value="Oracle Corporation"/>
    <property name="sun.stderr.encoding" value="cp850"/>
    <property name="maven.home" value="C:\Users\user\Documents\apache-maven-3.6.3\bin\.."/>
    <property name="file.separator" value="\"/>
    <property name="java.version.date" value="2020-01-14"/>
    <property name="java.vendor.url.bug" value="https://bugreport.java.com/bugreport/"/>
    <property name="sun.io.unicode.encoding" value="UnicodeLittle"/>
    <property name="sun.cpu.endian" value="little"/>
    <property name="sun.stdout.encoding" value="cp850"/>
    <property name="sun.cpu.isalist" value="amd64"/>
  </properties>
  <testcase classname="Add to shopping cart" name="The user needs to add a product to the shopping bag" time="33.902"/>
  <testcase classname="Delete from the shopping cart" name="The user needs to delete a product from the shopping bag" time="35.734"/>
  <testcase classname="Filter" name="The user needs to filter by object price" time="23.708"/>
  <testcase classname="Filter" name="The user cannot filter by object price with a lower final price" time="16.449"/>
  <testcase classname="Filter" name="The user cannot filter by object price with empty price fields" time="16.567"/>
  <testcase classname="Filter" name="The user can filter by object price with only initial price" time="21.428"/>
  <testcase classname="Filter" name="The user can filter by object price with only final price" time="21.738"/>
  <testcase classname="Login" name="The user unsuccessfully signs in Falabella&apos;s web page with both wrong credentials" time="16.753"/>
  <testcase classname="Login" name="The user unsuccessfully signs in Falabella&apos;s web page with wrong password" time="20.92"/>
  <testcase classname="Login" name="The user unsuccessfully signs in Falabella&apos;s web page with wrong email" time="16.889"/>
  <testcase classname="Login" name="The user unsuccessfully signs in Falabella&apos;s web page with blank fields" time="13.764"/>
  <testcase classname="Login" name="The user unsuccessfully signs in Falabella&apos;s web page with email as blank field" time="12.236"/>
  <testcase classname="Login" name="The user unsuccessfully signs in Falabella&apos;s web page with password as blank field" time="14.43"/>
  <testcase classname="Login" name="The user unsuccessfully signs in Falabella&apos;s web page with password not meeting the required eight characters format" time="14.223"/>
  <testcase classname="Login" name="The user successfully signs in Falabella&apos;s web page" time="22.792"/>
  <testcase classname="Logout" name="The user successfully signs out of Falabella&apos;s web page" time="20.517"/>
  <testcase classname="Registration" name="The user unsuccessfully register in Falabella&apos;s web page" time="22.186"/>
  <testcase classname="Registration" name="The user unsuccessfully register in Falabella&apos;s web page with numbers in name and last names fields" time="25.165"/>
  <testcase classname="Registration" name="The user unsuccessfully register in Falabella&apos;s web page with no matching passwords" time="23.246"/>
  <testcase classname="Search" name="The user searches for &quot;cremas&quot; in Falabella&apos;s web page" time="18.079"/>
</testsuite>